<?xml version="1.0" encoding="UTF-8"?><testsuite errors="0" failures="0" name="com.bestbuy.testsuite.ProductTestWithTags" skipped="0" tests="5" time="9.94" timestamp="2020-05-26T18:13:13.574+01:00[Europe/London]"><testcase classname="com.bestbuy.testsuite.ProductTestWithTags" name="This test will create a new products and verify its generated"/><testcase classname="com.bestbuy.testsuite.ProductTestWithTags" name="This test will get the product information by ID"/><testcase classname="com.bestbuy.testsuite.ProductTestWithTags" name="This test will update the product information and verify the updated information"/><testcase classname="com.bestbuy.testsuite.ProductTestWithTags" name="This test will delete the product information and verify the product is deleted "/><testcase classname="com.bestbuy.testsuite.ProductTestWithTags" name="This test will get all product information "/></testsuite>